d:\tecnicatura unl\mod y alg para vj 2 2022\tp ragdoll\tp ragdoll\box2dfirstapp\build\x64\debug\vc143.pdb
d:\tecnicatura unl\mod y alg para vj 2 2022\tp ragdoll\tp ragdoll\box2dfirstapp\build\x64\debug\vc143.idb
d:\tecnicatura unl\mod y alg para vj 2 2022\tp ragdoll\tp ragdoll\box2dfirstapp\build\x64\debug\sfmlrenderer.obj
d:\tecnicatura unl\mod y alg para vj 2 2022\tp ragdoll\tp ragdoll\box2dfirstapp\build\x64\debug\ragdoll.obj
d:\tecnicatura unl\mod y alg para vj 2 2022\tp ragdoll\tp ragdoll\box2dfirstapp\build\x64\debug\obstacle.obj
d:\tecnicatura unl\mod y alg para vj 2 2022\tp ragdoll\tp ragdoll\box2dfirstapp\build\x64\debug\mycontactlistener.obj
d:\tecnicatura unl\mod y alg para vj 2 2022\tp ragdoll\tp ragdoll\box2dfirstapp\build\x64\debug\menu.obj
d:\tecnicatura unl\mod y alg para vj 2 2022\tp ragdoll\tp ragdoll\box2dfirstapp\build\x64\debug\leveltwo.obj
d:\tecnicatura unl\mod y alg para vj 2 2022\tp ragdoll\tp ragdoll\box2dfirstapp\build\x64\debug\levelone.obj
d:\tecnicatura unl\mod y alg para vj 2 2022\tp ragdoll\tp ragdoll\box2dfirstapp\build\x64\debug\level.obj
d:\tecnicatura unl\mod y alg para vj 2 2022\tp ragdoll\tp ragdoll\box2dfirstapp\build\x64\debug\game.obj
d:\tecnicatura unl\mod y alg para vj 2 2022\tp ragdoll\tp ragdoll\box2dfirstapp\build\x64\debug\box2demptyapp.obj
d:\tecnicatura unl\mod y alg para vj 2 2022\tp ragdoll\tp ragdoll\box2dfirstapp\build\x64\debug\barrel.obj
d:\tecnicatura unl\mod y alg para vj 2 2022\tp ragdoll\tp ragdoll\box2dfirstapp\build\x64\debug\avatar.obj
d:\tecnicatura unl\mod y alg para vj 2 2022\tp ragdoll\tp ragdoll\box2dfirstapp\build\x64\debug\animation.obj
d:\tecnicatura unl\mod y alg para vj 2 2022\tp ragdoll\tp ragdoll\box2dfirstapp\build\x64\debug\animatedobject.obj
d:\tecnicatura unl\mod y alg para vj 2 2022\tp ragdoll\tp ragdoll\box2dfirstapp\bin\debug\box2demptyapp.exe
d:\tecnicatura unl\mod y alg para vj 2 2022\tp ragdoll\tp ragdoll\box2dfirstapp\build\x64\debug\box2demptyapp.ilk
d:\tecnicatura unl\mod y alg para vj 2 2022\tp ragdoll\tp ragdoll\box2dfirstapp\bin\debug\box2demptyapp.pdb
d:\tecnicatura unl\mod y alg para vj 2 2022\tp ragdoll\tp ragdoll\box2dfirstapp\build\..\bin\debug\box2demptyapp.pdb
d:\tecnicatura unl\mod y alg para vj 2 2022\tp ragdoll\tp ragdoll\box2dfirstapp\build\x64\debug\box2demptyapp.tlog\cl.command.1.tlog
d:\tecnicatura unl\mod y alg para vj 2 2022\tp ragdoll\tp ragdoll\box2dfirstapp\build\x64\debug\box2demptyapp.tlog\cl.read.1.tlog
d:\tecnicatura unl\mod y alg para vj 2 2022\tp ragdoll\tp ragdoll\box2dfirstapp\build\x64\debug\box2demptyapp.tlog\cl.write.1.tlog
d:\tecnicatura unl\mod y alg para vj 2 2022\tp ragdoll\tp ragdoll\box2dfirstapp\build\x64\debug\box2demptyapp.tlog\link.command.1.tlog
d:\tecnicatura unl\mod y alg para vj 2 2022\tp ragdoll\tp ragdoll\box2dfirstapp\build\x64\debug\box2demptyapp.tlog\link.read.1.tlog
d:\tecnicatura unl\mod y alg para vj 2 2022\tp ragdoll\tp ragdoll\box2dfirstapp\build\x64\debug\box2demptyapp.tlog\link.write.1.tlog
